<?xml version="1.0" encoding="UTF-8" ?>
<testsuite tests="15" failures="0" name="YatzyTest" time="0.008" errors="0" skipped="0">
  <properties>
[...]
</properties>
  <testcase classname="YatzyTest" name="chance_scores_sum_of_all_dice" time="0.006"/>
  <testcase classname="YatzyTest" name="fullHouse" time="0"/>
  <testcase classname="YatzyTest" name="test_1s" time="0"/>
  <testcase classname="YatzyTest" name="test_2s" time="0"/>
  <testcase classname="YatzyTest" name="smallStraight" time="0"/>
  <testcase classname="YatzyTest" name="sixes_test" time="0"/>
  <testcase classname="YatzyTest" name="test_threes" time="0.001"/>
  <testcase classname="YatzyTest" name="four_of_a_knd" time="0"/>
  <testcase classname="YatzyTest" name="fives" time="0"/>
  <testcase classname="YatzyTest" name="largeStraight" time="0"/>
  <testcase classname="YatzyTest" name="three_of_a_kind" time="0"/>
  <testcase classname="YatzyTest" name="yatzy_scores_50" time="0"/>
  <testcase classname="YatzyTest" name="two_Pair" time="0.001"/>
  <testcase classname="YatzyTest" name="fours_test" time="0"/>
  <testcase classname="YatzyTest" name="one_pair" time="0"/>
</testsuite>